make all --print-data-base --no-builtin-variables --no-builtin-rules --question
# GNU Make 3.81
# Copyright (C) 2006  Free Software Foundation, Inc.
# This is free software; see the source for copying conditions.
# There is NO warranty; not even for MERCHANTABILITY or FITNESS FOR A
# PARTICULAR PURPOSE.

# This program built for i386-apple-darwin11.3.0
 
for dir in libft ft_printf parsing; do \
        /Library/Developer/CommandLineTools/usr/bin/make all -C $dir; \
    done
 
# GNU Make 3.81
# Copyright (C) 2006  Free Software Foundation, Inc.
# This is free software; see the source for copying conditions.
# There is NO warranty; not even for MERCHANTABILITY or FITNESS FOR A
# PARTICULAR PURPOSE.

# This program built for i386-apple-darwin11.3.0

# Make data base, printed on Wed Jun  8 19:18:47 2022

# Variables

# automatic
<D = $(patsubst %/,%,$(dir $<))
# automatic
?F = $(notdir $?)
# makefile (from `Makefile', line 15)
SRC = ft_atoi.c ft_bzero.c ft_calloc.c ft_isalnum.c ft_isalpha.c ft_isascii.c ft_isdigit.c ft_isprint.c ft_memchr.c ft_memcmp.c ft_memcpy.c ft_memmove.c ft_memset.c ft_strchr.c ft_strncmp.c ft_strdup.c ft_strlcat.c ft_strlcpy.c ft_strlen.c ft_strnstr.c ft_strrchr.c ft_tolower.c ft_toupper.c ft_itoa.c ft_putchar_fd.c ft_putendl_fd.c ft_putnbr_fd.c ft_putstr_fd.c ft_split.c ft_striteri.c ft_strjoin.c ft_strlen.c ft_strmapi.c ft_strtrim.c ft_substr.c
# environment
VSCODE_LOG_NATIVE = false
# automatic
?D = $(patsubst %/,%,$(dir $?))
# automatic
@D = $(patsubst %/,%,$(dir $@))
# automatic
@F = $(notdir $@)
# makefile
CURDIR := /Users/ayassin/Documents/git files/Minishell_Team/libft
# makefile
SHELL = /bin/sh
# environment
VSCODE_NLS_CONFIG = {"locale":"en-us","availableLanguages":{},"_languagePackSupport":true}
# environment
_ = /Library/Developer/CommandLineTools/usr/bin/make
# makefile (from `Makefile', line 29)
CFLAGS = -g3 -Werror -Wall -Wextra
# makefile (from `Makefile', line 1)
MAKEFILE_LIST :=  Makefile
# environment
VSCODE_VERBOSE_LOGGING = true
# makefile (from `Makefile', line 23)
BONUS = ft_lstadd_front.c ft_lstadd_back.c ft_lstclear.c ft_lstclear.c ft_lstdelone.c ft_lstiter.c ft_lstlast.c ft_lstmap.c ft_lstnew.c ft_lstsize.c
# makefile (from `Makefile', line 31)
OBJS = $(SRC:.c=.o)
# environment
VSCODE_IPC_HOOK_EXTHOST = /var/folders/zz/zyxvpxvq6csfxvn_n000cbym0032zn/T/vscode-ipc-e0c6fb1c-5380-4c19-8f23-22ac1ac4accb.sock
# environment
VSCODE_CWD = /
# environment
PATH = /usr/local/bin:/usr/bin:/bin:/usr/sbin:/sbin:/usr/local/munki:/Users/ayassin/Desktop/42-ValgrindContainer
# environment
LaunchInstanceID = 4CD33830-E0CA-4F9F-841B-394EC169EE5E
# environment
VSCODE_LOG_STACK = false
# environment
ELECTRON_RUN_AS_NODE = 1
# default
.FEATURES := target-specific order-only second-expansion else-if archives jobserver check-symlink
# environment
SSH_AUTH_SOCK = /private/tmp/com.apple.launchd.AtHvHza5jG/Listeners
# automatic
%F = $(notdir $%)
# environment
VSCODE_PIPE_LOGGING = true
# environment
PWD = /Users/ayassin/Documents/git files/Minishell_Team
# environment
ORIGINAL_XDG_CURRENT_DESKTOP = undefined
# environment
VSCODE_AMD_ENTRYPOINT = vs/workbench/api/node/extensionHostProcess
# environment
HOME = /Users/ayassin
# default
MAKEFILEPATH = $(shell /usr/bin/xcode-select -print-path 2>/dev/null || echo /Developer)/Makefiles
# environment
VSCODE_CODE_CACHE_PATH = /Users/ayassin/Library/Application Support/Code/CachedData/c3511e6c69bb39013c4a4b7b9566ec1ca73fc4d5
# environment
LOGNAME = ayassin
# environment
APPLICATION_INSIGHTS_NO_DIAGNOSTIC_CHANNEL = 1
# environment
VSCODE_HANDLES_UNCAUGHT_ERRORS = true
# automatic
^D = $(patsubst %/,%,$(dir $^))
# environment
XPC_FLAGS = 0x0
# default
MAKE = $(MAKE_COMMAND)
# default
MAKECMDGOALS := all
# environment
SHLVL = 2
# makefile (from `Makefile', line 33)
BNSOBJS = $(BONUS:.c=.o)
# makefile (from `Makefile', line 27)
CC = gcc
# default
MAKE_VERSION := 3.81
# environment
USER = ayassin
# makefile
.DEFAULT_GOAL := all
# makefile (from `Makefile', line 13)
NAME = libft.a
# automatic
%D = $(patsubst %/,%,$(dir $%))
# default
MAKE_COMMAND := /Library/Developer/CommandLineTools/usr/bin/make
# default
.VARIABLES := 
# environment
TMPDIR = /var/folders/zz/zyxvpxvq6csfxvn_n000cbym0032zn/T/
# automatic
*F = $(notdir $*)
# environment
VSCODE_IPC_HOOK = /Users/ayassin/Library/Application Support/Code/1.67.2-main.sock
# makefile
MAKEFLAGS = Rrqp
# environment
MFLAGS = -Rrqp
# automatic
*D = $(patsubst %/,%,$(dir $*))
# environment
MAIL = ayassin@student.42abudhabi.ae
# environment
XPC_SERVICE_NAME = 0
# automatic
+D = $(patsubst %/,%,$(dir $+))
# automatic
+F = $(notdir $+)
# environment
__CF_USER_TEXT_ENCODING = 0x18BF5:0x0:0x0
# environment
COMMAND_MODE = unix2003
# default
MAKEFILES := 
# automatic
<F = $(notdir $<)
# environment
LC_ALL = C
# environment
SECURITYSESSIONID = 186a8
# automatic
^F = $(notdir $^)
# default
SUFFIXES := 
# default
.INCLUDE_DIRS = /usr/local/include
# environment
MAKELEVEL := 1
# environment
LANG = C
# environment
VSCODE_PID = 6316
# variable set hash-table stats:
# Load=71/1024=7%, Rehash=0, Collisions=5/113=4%

# Pattern-specific Variable Values

# No pattern-specific variable values.

# Directories

# . (device 16777225, inode 1870642): 91 files, no impossibilities.

# 91 files, no impossibilities in 1 directories.

# Implicit Rules

# No implicit rules.

# Files

# Not a target:
ft_strmapi.o:
#  Implicit rule search has been done.
#  Last modified 2022-06-07 12:42:33
#  File has been updated.
#  Successfully updated.
# variable set hash-table stats:
# Load=0/32=0%, Rehash=0, Collisions=0/0=0%

# Not a target:
ft_lstiter.o:
#  Implicit rule search has been done.
#  Last modified 2022-06-07 12:42:34
#  File has been updated.
#  Successfully updated.
# variable set hash-table stats:
# Load=0/32=0%, Rehash=0, Collisions=0/0=0%

# Not a target:
ft_memcpy.o:
#  Implicit rule search has been done.
#  Last modified 2022-06-07 12:42:33
#  File has been updated.
#  Successfully updated.
# variable set hash-table stats:
# Load=0/32=0%, Rehash=0, Collisions=0/0=0%

# Not a target:
ft_itoa.o:
#  Implicit rule search has been done.
#  Last modified 2022-06-07 12:42:33
#  File has been updated.
#  Successfully updated.
# variable set hash-table stats:
# Load=0/32=0%, Rehash=0, Collisions=0/0=0%

# Not a target:
ft_memcmp.o:
#  Implicit rule search has been done.
#  Last modified 2022-06-07 12:42:33
#  File has been updated.
#  Successfully updated.
# variable set hash-table stats:
# Load=0/32=0%, Rehash=0, Collisions=0/0=0%

# Not a target:
ft_strlen.o:
#  Implicit rule search has been done.
#  Last modified 2022-06-07 12:42:33
#  File has been updated.
#  Successfully updated.
# variable set hash-table stats:
# Load=0/32=0%, Rehash=0, Collisions=0/0=0%

# Not a target:
ft_isdigit.o:
#  Implicit rule search has been done.
#  Last modified 2022-06-07 12:42:32
#  File has been updated.
#  Successfully updated.
# variable set hash-table stats:
# Load=0/32=0%, Rehash=0, Collisions=0/0=0%

all: libft.a bonus
#  Phony target (prerequisite of .PHONY).
#  Command-line target.
#  Implicit rule search has not been done.
#  File does not exist.
#  File has been updated.
#  Needs to be updated (-q is set).
# variable set hash-table stats:
# Load=0/32=0%, Rehash=0, Collisions=0/7=0%

# Not a target:
ft_lstlast.o:
#  Implicit rule search has been done.
#  Last modified 2022-06-07 12:42:34
#  File has been updated.
#  Successfully updated.
# variable set hash-table stats:
# Load=0/32=0%, Rehash=0, Collisions=0/0=0%

# Not a target:
ft_memchr.o:
#  Implicit rule search has been done.
#  Last modified 2022-06-07 12:42:32
#  File has been updated.
#  Successfully updated.
# variable set hash-table stats:
# Load=0/32=0%, Rehash=0, Collisions=0/0=0%

.PHONY: clean fclean all re
#  Implicit rule search has not been done.
#  Modification time never checked.
#  File has not been updated.

# Not a target:
ft_tolower.o:
#  Implicit rule search has been done.
#  Last modified 2022-06-07 12:42:33
#  File has been updated.
#  Successfully updated.
# variable set hash-table stats:
# Load=0/32=0%, Rehash=0, Collisions=0/0=0%

# Not a target:
ft_strrchr.o:
#  Implicit rule search has been done.
#  Last modified 2022-06-07 12:42:33
#  File has been updated.
#  Successfully updated.
# variable set hash-table stats:
# Load=0/32=0%, Rehash=0, Collisions=0/0=0%

# Not a target:
ft_strjoin.o:
#  Implicit rule search has been done.
#  Last modified 2022-06-07 12:42:33
#  File has been updated.
#  Successfully updated.
# variable set hash-table stats:
# Load=0/32=0%, Rehash=0, Collisions=0/0=0%

# Not a target:
ft_split.o:
#  Implicit rule search has been done.
 
#  Last modified 2022-06-07 12:42:33
#  File has been updated.
#  Successfully updated.
# variable set hash-table stats:
# Load=0/32=0%, Rehash=0, Collisions=0/0=0%

# Not a target:
ft_lstclear.o:
#  Implicit rule search has been done.
#  Last modified 2022-06-07 12:42:34
#  File has been updated.
#  Successfully updated.
# variable set hash-table stats:
# Load=0/32=0%, Rehash=0, Collisions=0/0=0%

# Not a target:
ft_strlcat.o:
#  Implicit rule search has been done.
#  Last modified 2022-06-07 12:42:33
#  File has been updated.
#  Successfully updated.
# variable set hash-table stats:
# Load=0/32=0%, Rehash=0, Collisions=0/0=0%

# Not a target:
.SUFFIXES:
#  Implicit rule search has not been done.
#  Modification time never checked.
#  File has not been updated.

# Not a target:
Makefile:
#  Implicit rule search has been done.
#  Last modified 2022-05-28 11:08:37
#  File has been updated.
#  Successfully updated.
# variable set hash-table stats:
# Load=0/32=0%, Rehash=0, Collisions=0/0=0%

# Not a target:
ft_isprint.o:
#  Implicit rule search has been done.
#  Last modified 2022-06-07 12:42:32
#  File has been updated.
#  Successfully updated.
# variable set hash-table stats:
# Load=0/32=0%, Rehash=0, Collisions=0/0=0%

libft.a: ft_atoi.o ft_bzero.o ft_calloc.o ft_isalnum.o ft_isalpha.o ft_isascii.o ft_isdigit.o ft_isprint.o ft_memchr.o ft_memcmp.o ft_memcpy.o ft_memmove.o ft_memset.o ft_strchr.o ft_strncmp.o ft_strdup.o ft_strlcat.o ft_strlcpy.o ft_strlen.o ft_strnstr.o ft_strrchr.o ft_tolower.o ft_toupper.o ft_itoa.o ft_putchar_fd.o ft_putendl_fd.o ft_putnbr_fd.o ft_putstr_fd.o ft_split.o ft_striteri.o ft_strjoin.o ft_strlen.o ft_strmapi.o ft_strtrim.o ft_substr.o
#  Implicit rule search has not been done.
#  Last modified 2022-06-08 14:25:12
#  File has been updated.
#  Successfully updated.
# variable set hash-table stats:
# Load=0/32=0%, Rehash=0, Collisions=0/0=0%
#  commands to execute (from `Makefile', line 41):
	ar cr $(NAME) $(OBJS)
	

# Not a target:
ft_striteri.o:
#  Implicit rule search has been done.
#  Last modified 2022-06-07 12:42:33
#  File has been updated.
#  Successfully updated.
# variable set hash-table stats:
# Load=0/32=0%, Rehash=0, Collisions=0/0=0%

# Not a target:
ft_bzero.o:
#  Implicit rule search has been done.
#  Last modified 2022-06-07 12:42:32
#  File has been updated.
#  Successfully updated.
# variable set hash-table stats:
# Load=0/32=0%, Rehash=0, Collisions=0/0=0%

# Not a target:
ft_lstnew.o:
#  Implicit rule search has been done.
#  Last modified 2022-06-07 12:42:34
#  File has been updated.
#  Successfully updated.
# variable set hash-table stats:
# Load=0/32=0%, Rehash=0, Collisions=0/0=0%

bonus: ft_lstadd_front.o ft_lstadd_back.o ft_lstclear.o ft_lstdelone.o ft_lstiter.o ft_lstlast.o ft_lstmap.o ft_lstnew.o ft_lstsize.o ft_atoi.o ft_bzero.o ft_calloc.o ft_isalnum.o ft_isalpha.o ft_isascii.o ft_isdigit.o ft_isprint.o ft_memchr.o ft_memcmp.o ft_memcpy.o ft_memmove.o ft_memset.o ft_strchr.o ft_strncmp.o ft_strdup.o ft_strlcat.o ft_strlcpy.o ft_strlen.o ft_strnstr.o ft_strrchr.o ft_tolower.o ft_toupper.o ft_itoa.o ft_putchar_fd.o ft_putendl_fd.o ft_putnbr_fd.o ft_putstr_fd.o ft_split.o ft_striteri.o ft_strjoin.o ft_strmapi.o ft_strtrim.o ft_substr.o
#  Implicit rule search has not been done.
#  Implicit/static pattern stem: `'
#  File does not exist.
#  File has been updated.
#  Needs to be updated (-q is set).
# automatic
# @ := bonus
# automatic
# % := 
# automatic
# * := 
# automatic
# + := ft_lstadd_front.o ft_lstadd_back.o ft_lstclear.o ft_lstclear.o ft_lstdelone.o ft_lstiter.o ft_lstlast.o ft_lstmap.o ft_lstnew.o ft_lstsize.o ft_atoi.o ft_bzero.o ft_calloc.o ft_isalnum.o ft_isalpha.o ft_isascii.o ft_isdigit.o ft_isprint.o ft_memchr.o ft_memcmp.o ft_memcpy.o ft_memmove.o ft_memset.o ft_strchr.o ft_strncmp.o ft_strdup.o ft_strlcat.o ft_strlcpy.o ft_strlen.o ft_strnstr.o ft_strrchr.o ft_tolower.o ft_toupper.o ft_itoa.o ft_putchar_fd.o ft_putendl_fd.o ft_putnbr_fd.o ft_putstr_fd.o ft_split.o ft_striteri.o ft_strjoin.o ft_strlen.o ft_strmapi.o ft_strtrim.o ft_substr.o
# automatic
# | := 
# automatic
# < := ft_lstadd_front.o
# automatic
# ^ := ft_lstadd_front.o ft_lstadd_back.o ft_lstclear.o ft_lstdelone.o ft_lstiter.o ft_lstlast.o ft_lstmap.o ft_lstnew.o ft_lstsize.o ft_atoi.o ft_bzero.o ft_calloc.o ft_isalnum.o ft_isalpha.o ft_isascii.o ft_isdigit.o ft_isprint.o ft_memchr.o ft_memcmp.o ft_memcpy.o ft_memmove.o ft_memset.o ft_strchr.o ft_strncmp.o ft_strdup.o ft_strlcat.o ft_strlcpy.o ft_strlen.o ft_strnstr.o ft_strrchr.o ft_tolower.o ft_toupper.o ft_itoa.o ft_putchar_fd.o ft_putendl_fd.o ft_putnbr_fd.o ft_putstr_fd.o ft_split.o ft_striteri.o ft_strjoin.o ft_strmapi.o ft_strtrim.o ft_substr.o
# automatic
# ? := ft_lstadd_front.o ft_lstadd_back.o ft_lstclear.o ft_lstdelone.o ft_lstiter.o ft_lstlast.o ft_lstmap.o ft_lstnew.o ft_lstsize.o ft_atoi.o ft_bzero.o ft_calloc.o ft_isalnum.o ft_isalpha.o ft_isascii.o ft_isdigit.o ft_isprint.o ft_memchr.o ft_memcmp.o ft_memcpy.o ft_memmove.o ft_memset.o ft_strchr.o ft_strncmp.o ft_strdup.o ft_strlcat.o ft_strlcpy.o ft_strlen.o ft_strnstr.o ft_strrchr.o ft_tolower.o ft_toupper.o ft_itoa.o ft_putchar_fd.o ft_putendl_fd.o ft_putnbr_fd.o ft_putstr_fd.o ft_split.o ft_striteri.o ft_strjoin.o ft_strmapi.o ft_strtrim.o ft_substr.o
# variable set hash-table stats:
# Load=8/32=25%, Rehash=0, Collisions=4/15=27%
#  commands to execute (from `Makefile', line 44):
	ar cr $(NAME) $(BNSOBJS) $(OBJS)
	

# Not a target:
ft_putnbr_fd.o:
#  Implicit rule search has been done.
#  Last modified 2022-06-07 12:42:33
#  File has been updated.
#  Successfully updated.
# variable set hash-table stats:
# Load=0/32=0%, Rehash=0, Collisions=0/0=0%

.c.o:
#  Implicit rule search has not been done.
#  Modification time never checked.
#  File has not been updated.
#  commands to execute (from `Makefile', line 38):
	$(CC) $(CFLAGS) -c $< -o $@
	

fclean: clean
#  Phony target (prerequisite of .PHONY).
#  Implicit rule search has not been done.
#  File does not exist.
#  File has not been updated.
#  commands to execute (from `Makefile', line 50):
	rm -f $(NAME)
	

# Not a target:
ft_calloc.o:
#  Implicit rule search has been done.
#  Last modified 2022-06-07 12:42:32
#  File has been updated.
#  Successfully updated.
# variable set hash-table stats:
# Load=0/32=0%, Rehash=0, Collisions=0/0=0%

# Not a target:
ft_substr.o:
#  Implicit rule search has been done.
#  Last modified 2022-06-07 12:42:34
#  File has been updated.
#  Successfully updated.
# variable set hash-table stats:
# Load=0/32=0%, Rehash=0, Collisions=0/0=0%

# Not a target:
ft_isalpha.o:
#  Implicit rule search has been done.
#  Last modified 2022-06-07 12:42:32
#  File has been updated.
#  Successfully updated.
# variable set hash-table stats:
# Load=0/32=0%, Rehash=0, Collisions=0/0=0%

# Not a target:
ft_lstsize.o:
#  Implicit rule search has been done.
#  Last modified 2022-06-07 12:42:34
#  File has been updated.
#  Successfully updated.
# variable set hash-table stats:
# Load=0/32=0%, Rehash=0, Collisions=0/0=0%

# Not a target:
.DEFAULT:
#  Implicit rule search has not been done.
#  Modification time never checked.
#  File has not been updated.

# Not a target:
ft_strlcpy.o:
#  Implicit rule search has been done.
#  Last modified 2022-06-07 12:42:33
#  File has been updated.
#  Successfully updated.
# variable set hash-table stats:
# Load=0/32=0%, Rehash=0, Collisions=0/0=0%

# Not a target:
ft_lstmap.o:
#  Implicit rule search has been done.
#  Last modified 2022-06-07 12:42:34
#  File has been updated.
#  Successfully updated.
# variable set hash-table stats:
# Load=0/32=0%, Rehash=0, Collisions=0/0=0%

# Not a target:
ft_strncmp.o:
#  Implicit rule search has been done.
#  Last modified 2022-06-07 12:42:33
#  File has been updated.
#  Successfully updated.
# variable set hash-table stats:
# Load=0/32=0%, Rehash=0, Collisions=0/0=0%

re: fclean all
#  Phony target (prerequisite of .PHONY).
#  Implicit rule search has not been done.
#  File does not exist.
#  File has not been updated.

clean:
#  Phony target (prerequisite of .PHONY).
#  Implicit rule search has not been done.
#  File does not exist.
 
#  File has not been updated.
#  commands to execute (from `Makefile', line 47):
	rm -f $(OBJS)  $(BNSOBJS)
	

# Not a target:
ft_isalnum.o:
#  Implicit rule search has been done.
#  Last modified 2022-06-07 12:42:32
#  File has been updated.
#  Successfully updated.
# variable set hash-table stats:
# Load=0/32=0%, Rehash=0, Collisions=0/0=0%

# Not a target:
ft_lstadd_front.o:
#  Implicit rule search has been done.
#  Last modified 2022-06-07 12:42:34
#  File has been updated.
#  Successfully updated.
# variable set hash-table stats:
# Load=0/32=0%, Rehash=0, Collisions=0/0=0%

# Not a target:
ft_isascii.o:
#  Implicit rule search has been done.
#  Last modified 2022-06-07 12:42:32
#  File has been updated.
#  Successfully updated.
# variable set hash-table stats:
# Load=0/32=0%, Rehash=0, Collisions=0/0=0%

# Not a target:
ft_strdup.o:
#  Implicit rule search has been done.
#  Last modified 2022-06-07 12:42:33
#  File has been updated.
#  Successfully updated.
# variable set hash-table stats:
# Load=0/32=0%, Rehash=0, Collisions=0/0=0%

# Not a target:
ft_lstdelone.o:
#  Implicit rule search has been done.
#  Last modified 2022-06-07 12:42:34
#  File has been updated.
#  Successfully updated.
# variable set hash-table stats:
# Load=0/32=0%, Rehash=0, Collisions=0/0=0%

# Not a target:
ft_memmove.o:
#  Implicit rule search has been done.
#  Last modified 2022-06-07 12:42:33
#  File has been updated.
#  Successfully updated.
# variable set hash-table stats:
# Load=0/32=0%, Rehash=0, Collisions=0/0=0%

# Not a target:
ft_strchr.o:
#  Implicit rule search has been done.
#  Last modified 2022-06-07 12:42:33
#  File has been updated.
#  Successfully updated.
# variable set hash-table stats:
# Load=0/32=0%, Rehash=0, Collisions=0/0=0%

# Not a target:
ft_toupper.o:
#  Implicit rule search has been done.
#  Last modified 2022-06-07 12:42:33
#  File has been updated.
#  Successfully updated.
# variable set hash-table stats:
# Load=0/32=0%, Rehash=0, Collisions=0/0=0%

# Not a target:
ft_strnstr.o:
#  Implicit rule search has been done.
#  Last modified 2022-06-07 12:42:33
#  File has been updated.
#  Successfully updated.
# variable set hash-table stats:
# Load=0/32=0%, Rehash=0, Collisions=0/0=0%

# Not a target:
ft_putstr_fd.o:
#  Implicit rule search has been done.
#  Last modified 2022-06-07 12:42:33
#  File has been updated.
#  Successfully updated.
# variable set hash-table stats:
# Load=0/32=0%, Rehash=0, Collisions=0/0=0%

# Not a target:
ft_memset.o:
#  Implicit rule search has been done.
#  Last modified 2022-06-07 12:42:33
#  File has been updated.
#  Successfully updated.
# variable set hash-table stats:
# Load=0/32=0%, Rehash=0, Collisions=0/0=0%

# Not a target:
ft_putchar_fd.o:
#  Implicit rule search has been done.
#  Last modified 2022-06-07 12:42:33
#  File has been updated.
#  Successfully updated.
# variable set hash-table stats:
# Load=0/32=0%, Rehash=0, Collisions=0/0=0%

# Not a target:
ft_atoi.o:
#  Implicit rule search has been done.
#  Last modified 2022-06-07 12:42:32
#  File has been updated.
#  Successfully updated.
# variable set hash-table stats:
# Load=0/32=0%, Rehash=0, Collisions=0/0=0%

# Not a target:
ft_strtrim.o:
#  Implicit rule search has been done.
#  Last modified 2022-06-07 12:42:34
#  File has been updated.
#  Successfully updated.
# variable set hash-table stats:
# Load=0/32=0%, Rehash=0, Collisions=0/0=0%

# Not a target:
ft_lstadd_back.o:
#  Implicit rule search has been done.
#  Last modified 2022-06-07 12:42:34
#  File has been updated.
#  Successfully updated.
# variable set hash-table stats:
# Load=0/32=0%, Rehash=0, Collisions=0/0=0%

# Not a target:
ft_putendl_fd.o:
#  Implicit rule search has been done.
#  Last modified 2022-06-07 12:42:33
#  File has been updated.
#  Successfully updated.
# variable set hash-table stats:
# Load=0/32=0%, Rehash=0, Collisions=0/0=0%

# files hash-table stats:
# Load=54/1024=5%, Rehash=0, Collisions=9/157=6%
# VPATH Search Paths

# No `vpath' search paths.

# No general (`VPATH' variable) search path.

# # of strings in strcache: 1
# # of strcache buffers: 1
# strcache size: total = 4096 / max = 4096 / min = 4096 / avg = 4096
# strcache free: total = 4087 / max = 4087 / min = 4087 / avg = 4087

# Finished Make data base on Wed Jun  8 19:18:47 2022

# GNU Make 3.81
# Copyright (C) 2006  Free Software Foundation, Inc.
# This is free software; see the source for copying conditions.
# There is NO warranty; not even for MERCHANTABILITY or FITNESS FOR A
# PARTICULAR PURPOSE.

# This program built for i386-apple-darwin11.3.0

# Make data base, printed on Wed Jun  8 19:18:47 2022

# Variables

# automatic
<D = $(patsubst %/,%,$(dir $<))
# automatic
?F = $(notdir $?)
# makefile (from `Makefile', line 20)
DIRS = ../libft
# makefile (from `Makefile', line 15)
SRC = ft_printfhelper.c ft_printf.c
# environment
VSCODE_LOG_NATIVE = false
# automatic
?D = $(patsubst %/,%,$(dir $?))
# automatic
@D = $(patsubst %/,%,$(dir $@))
# automatic
@F = $(notdir $@)
# makefile
CURDIR := /Users/ayassin/Documents/git files/Minishell_Team/ft_printf
# makefile
SHELL = /bin/sh
# environment
VSCODE_NLS_CONFIG = {"locale":"en-us","availableLanguages":{},"_languagePackSupport":true}
# environment
_ = /Library/Developer/CommandLineTools/usr/bin/make
# makefile (from `Makefile', line 24)
CFLAGS = -g3 -Werror -Wall -Wextra
# makefile (from `Makefile', line 1)
MAKEFILE_LIST :=  Makefile
# environment
VSCODE_VERBOSE_LOGGING = true
# makefile (from `Makefile', line 27)
OBJS = $(SRC:.c=.o)
# environment
VSCODE_IPC_HOOK_EXTHOST = /var/folders/zz/zyxvpxvq6csfxvn_n000cbym0032zn/T/vscode-ipc-e0c6fb1c-5380-4c19-8f23-22ac1ac4accb.sock
# environment
VSCODE_CWD = /
# environment
PATH = /usr/local/bin:/usr/bin:/bin:/usr/sbin:/sbin:/usr/local/munki:/Users/ayassin/Desktop/42-ValgrindContainer
# environment
LaunchInstanceID = 4CD33830-E0CA-4F9F-841B-394EC169EE5E
# environment
VSCODE_LOG_STACK = false
# environment
ELECTRON_RUN_AS_NODE = 1
# default
.FEATURES := target-specific order-only second-expansion else-if archives jobserver check-symlink
# environment
SSH_AUTH_SOCK = /private/tmp/com.apple.launchd.AtHvHza5jG/Listeners
# automatic
%F = $(notdir $%)
# makefile (from `Makefile', line 17)
BNS_SRC = ft_printfhelper1_bonus.c ft_printfhelper2_bonus.c ft_printfhelper3_bonus.c ft_printf_bonus.c
# environment
VSCODE_PIPE_LOGGING = true
# environment
PWD = /Users/ayassin/Documents/git files/Minishell_Team
# environment
ORIGINAL_XDG_CURRENT_DESKTOP = undefined
# environment
VSCODE_AMD_ENTRYPOINT = vs/workbench/api/node/extensionHostProcess
# environment
HOME = /Users/ayassin
# default
MAKEFILEPATH = $(shell /usr/bin/xcode-select -print-path 2>/dev/null || echo /Developer)/Makefiles
# environment
VSCODE_CODE_CACHE_PATH = /Users/ayassin/Library/Application Support/Code/CachedData/c3511e6c69bb39013c4a4b7b9566ec1ca73fc4d5
# environment
LOGNAME = ayassin
# environment
APPLICATION_INSIGHTS_NO_DIAGNOSTIC_CHANNEL = 1
# environment
VSCODE_HANDLES_UNCAUGHT_ERRORS = true
# automatic
^D = $(patsubst %/,%,$(dir $^))
# environment
XPC_FLAGS = 0x0
# default
MAKE = $(MAKE_COMMAND)
# default
MAKECMDGOALS := all
# environment
SHLVL = 2
# makefile (from `Makefile', line 29)
BNS_OBJS = $(BNS_SRC:.c=.o)
# makefile (from `Makefile', line 22)
CC = gcc
# default
MAKE_VERSION := 3.81
# environment
USER = ayassin
# makefile
.DEFAULT_GOAL := all
# makefile (from `Makefile', line 13)
NAME = libftprintf.a
# automatic
%D = $(patsubst %/,%,$(dir $%))
# default
MAKE_COMMAND := /Library/Developer/CommandLineTools/usr/bin/make
# default
.VARIABLES := 
# environment
TMPDIR = /var/folders/zz/zyxvpxvq6csfxvn_n000cbym0032zn/T/
# automatic
*F = $(notdir $*)
# environment
VSCODE_IPC_HOOK = /Users/ayassin/Library/Application Support/Code/1.67.2-main.sock
# makefile
MAKEFLAGS = Rrqp
# environment
MFLAGS = -Rrqp
# automatic
*D = $(patsubst %/,%,$(dir $*))
# environment
MAIL = ayassin@student.42abudhabi.ae
# environment
XPC_SERVICE_NAME = 0
# automatic
+D = $(patsubst %/,%,$(dir $+))
# automatic
+F = $(notdir $+)
# environment
__CF_USER_TEXT_ENCODING = 0x18BF5:0x0:0x0
# environment
COMMAND_MODE = unix2003
# default
MAKEFILES := 
# automatic
<F = $(notdir $<)
 
# environment
LC_ALL = C
# environment
SECURITYSESSIONID = 186a8
# automatic
^F = $(notdir $^)
# default
SUFFIXES := 
# default
.INCLUDE_DIRS = /usr/local/include
# environment
MAKELEVEL := 1
# environment
LANG = C
# environment
VSCODE_PID = 6316
# variable set hash-table stats:
# Load=72/1024=7%, Rehash=0, Collisions=3/106=3%

# Pattern-specific Variable Values

# No pattern-specific variable values.

# Directories

# . (device 16777225, inode 1870695): 14 files, no impossibilities.

# 14 files, no impossibilities in 1 directories.

# Implicit Rules

# No implicit rules.

# Files

all: libftprintf.a
#  Command-line target.
#  Implicit rule search has been done.
#  File does not exist.
#  File has been updated.
#  Successfully updated.
# variable set hash-table stats:
# Load=0/32=0%, Rehash=0, Collisions=0/0=0%

# Not a target:
ft_printfhelper2_bonus.o:
#  Implicit rule search has not been done.
#  Modification time never checked.
#  File has not been updated.

.PHONY: clean fclean libft
#  Implicit rule search has not been done.
#  Modification time never checked.
#  File has not been updated.

# Not a target:
ft_printf.o:
#  Implicit rule search has been done.
#  Last modified 2022-06-07 12:42:34
#  File has been updated.
#  Successfully updated.
# variable set hash-table stats:
# Load=0/32=0%, Rehash=0, Collisions=0/0=0%

libft:
#  Phony target (prerequisite of .PHONY).
#  Implicit rule search has not been done.
#  File does not exist.
#  File has not been updated.

# Not a target:
.SUFFIXES:
#  Implicit rule search has not been done.
#  Modification time never checked.
#  File has not been updated.

# Not a target:
Makefile:
#  Implicit rule search has been done.
#  Last modified 2022-05-28 11:08:37
#  File has been updated.
#  Successfully updated.
# variable set hash-table stats:
# Load=0/32=0%, Rehash=0, Collisions=0/0=0%

bonus: ft_printfhelper1_bonus.o ft_printfhelper2_bonus.o ft_printfhelper3_bonus.o ft_printf_bonus.o
#  Implicit rule search has not been done.
#  Modification time never checked.
#  File has not been updated.
#  commands to execute (from `Makefile', line 41):
	ar cr $(NAME) $(BNS_OBJS)
	

.c.o:
#  Implicit rule search has not been done.
#  Modification time never checked.
#  File has not been updated.
#  commands to execute (from `Makefile', line 35):
	$(CC) $(CFLAGS) -I../libft -c $^ -o $@
	

fclean: clean
#  Phony target (prerequisite of .PHONY).
#  Implicit rule search has not been done.
#  File does not exist.
#  File has not been updated.
#  commands to execute (from `Makefile', line 47):
	rm -f $(NAME)
	

# Not a target:
ft_printfhelper3_bonus.o:
#  Implicit rule search has not been done.
#  Modification time never checked.
#  File has not been updated.

# Not a target:
.DEFAULT:
#  Implicit rule search has not been done.
#  Modification time never checked.
#  File has not been updated.

re: fclean all
#  Implicit rule search has not been done.
#  Modification time never checked.
#  File has not been updated.

clean:
#  Phony target (prerequisite of .PHONY).
#  Implicit rule search has not been done.
#  File does not exist.
#  File has not been updated.
#  commands to execute (from `Makefile', line 44):
	rm -f $(OBJS) $(BNS_OBJS)
	

libftprintf.a: ft_printfhelper.o ft_printf.o
#  Implicit rule search has not been done.
#  Last modified 2022-06-07 12:42:34
#  File has been updated.
#  Successfully updated.
# variable set hash-table stats:
# Load=0/32=0%, Rehash=0, Collisions=0/0=0%
#  commands to execute (from `Makefile', line 38):
	ar cr  $(NAME) $(OBJS)
	

# Not a target:
ft_printfhelper1_bonus.o:
#  Implicit rule search has not been done.
#  Modification time never checked.
#  File has not been updated.

# Not a target:
ft_printf_bonus.o:
#  Implicit rule search has not been done.
#  Modification time never checked.
#  File has not been updated.

# Not a target:
ft_printfhelper.o:
#  Implicit rule search has been done.
#  Last modified 2022-06-07 12:42:34
#  File has been updated.
#  Successfully updated.
# variable set hash-table stats:
# Load=0/32=0%, Rehash=0, Collisions=0/0=0%

# files hash-table stats:
# Load=18/1024=2%, Rehash=0, Collisions=0/44=0%
# VPATH Search Paths

# No `vpath' search paths.

# No general (`VPATH' variable) search path.

# # of strings in strcache: 1
# # of strcache buffers: 1
# strcache size: total = 4096 / max = 4096 / min = 4096 / avg = 4096
# strcache free: total = 4087 / max = 4087 / min = 4087 / avg = 4087

# Finished Make data base on Wed Jun  8 19:18:47 2022

# GNU Make 3.81
# Copyright (C) 2006  Free Software Foundation, Inc.
# This is free software; see the source for copying conditions.
# There is NO warranty; not even for MERCHANTABILITY or FITNESS FOR A
# PARTICULAR PURPOSE.

# This program built for i386-apple-darwin11.3.0

# Make data base, printed on Wed Jun  8 19:18:47 2022

# Variables

# automatic
<D = $(patsubst %/,%,$(dir $<))
# automatic
?F = $(notdir $?)
# makefile (from `Makefile', line 20)
DIRS = ../libft
# makefile (from `Makefile', line 15)
SRC = p_assign_1.c p_assign_2.c p_dollar.c p_expand.c p_list_assign.c p_list_normal.c p_normal.c p_quote.c p_utils_1.c p_utils_2.c prompt.c p_redirection.c big_list.c
# environment
VSCODE_LOG_NATIVE = false
# automatic
?D = $(patsubst %/,%,$(dir $?))
# automatic
@D = $(patsubst %/,%,$(dir $@))
# automatic
@F = $(notdir $@)
# makefile
CURDIR := /Users/ayassin/Documents/git files/Minishell_Team/parsing
# makefile
SHELL = /bin/sh
# environment
VSCODE_NLS_CONFIG = {"locale":"en-us","availableLanguages":{},"_languagePackSupport":true}
# environment
_ = /Library/Developer/CommandLineTools/usr/bin/make
# makefile (from `Makefile', line 24)
CFLAGS = -g3 -Werror -Wall -Wextra
# makefile (from `Makefile', line 1)
MAKEFILE_LIST :=  Makefile
# environment
VSCODE_VERBOSE_LOGGING = true
# makefile (from `Makefile', line 27)
OBJS = $(SRC:.c=.o)
# environment
VSCODE_IPC_HOOK_EXTHOST = /var/folders/zz/zyxvpxvq6csfxvn_n000cbym0032zn/T/vscode-ipc-e0c6fb1c-5380-4c19-8f23-22ac1ac4accb.sock
# environment
VSCODE_CWD = /
# environment
PATH = /usr/local/bin:/usr/bin:/bin:/usr/sbin:/sbin:/usr/local/munki:/Users/ayassin/Desktop/42-ValgrindContainer
# environment
LaunchInstanceID = 4CD33830-E0CA-4F9F-841B-394EC169EE5E
# environment
VSCODE_LOG_STACK = false
# environment
ELECTRON_RUN_AS_NODE = 1
# default
.FEATURES := target-specific order-only second-expansion else-if archives jobserver check-symlink
# environment
SSH_AUTH_SOCK = /private/tmp/com.apple.launchd.AtHvHza5jG/Listeners
# automatic
%F = $(notdir $%)
# environment
VSCODE_PIPE_LOGGING = true
# environment
PWD = /Users/ayassin/Documents/git files/Minishell_Team
# environment
ORIGINAL_XDG_CURRENT_DESKTOP = undefined
# environment
VSCODE_AMD_ENTRYPOINT = vs/workbench/api/node/extensionHostProcess
# environment
HOME = /Users/ayassin
# default
MAKEFILEPATH = $(shell /usr/bin/xcode-select -print-path 2>/dev/null || echo /Developer)/Makefiles
# environment
VSCODE_CODE_CACHE_PATH = /Users/ayassin/Library/Application Support/Code/CachedData/c3511e6c69bb39013c4a4b7b9566ec1ca73fc4d5
# environment
LOGNAME = ayassin
# environment
APPLICATION_INSIGHTS_NO_DIAGNOSTIC_CHANNEL = 1
# environment
VSCODE_HANDLES_UNCAUGHT_ERRORS = true
# automatic
^D = $(patsubst %/,%,$(dir $^))
# environment
XPC_FLAGS = 0x0
# default
MAKE = $(MAKE_COMMAND)
# default
MAKECMDGOALS := all
# environment
SHLVL = 2
# makefile (from `Makefile', line 22)
CC = gcc
# default
MAKE_VERSION := 3.81
# environment
USER = ayassin
# makefile
.DEFAULT_GOAL := all
# makefile (from `Makefile', line 13)
NAME = parsing.a
# automatic
%D = $(patsubst %/,%,$(dir $%))
# default
MAKE_COMMAND := /Library/Developer/CommandLineTools/usr/bin/make
# default
.VARIABLES := 
# environment
TMPDIR = /var/folders/zz/zyxvpxvq6csfxvn_n000cbym0032zn/T/
# automatic
*F = $(notdir $*)
# environment
VSCODE_IPC_HOOK = /Users/ayassin/Library/Application Support/Code/1.67.2-main.sock
# makefile
MAKEFLAGS = Rrqp
# environment
MFLAGS = -Rrqp
# automatic
*D = $(patsubst %/,%,$(dir $*))
# environment
MAIL = ayassin@student.42abudhabi.ae
# environment
XPC_SERVICE_NAME = 0
# automatic
+D = $(patsubst %/,%,$(dir $+))
# automatic
+F = $(notdir $+)
# environment
 
__CF_USER_TEXT_ENCODING = 0x18BF5:0x0:0x0
# environment
COMMAND_MODE = unix2003
# default
MAKEFILES := 
# automatic
<F = $(notdir $<)
# environment
LC_ALL = C
# environment
SECURITYSESSIONID = 186a8
# automatic
^F = $(notdir $^)
# default
SUFFIXES := 
# default
.INCLUDE_DIRS = /usr/local/include
# environment
MAKELEVEL := 1
# environment
LANG = C
# environment
VSCODE_PID = 6316
# variable set hash-table stats:
# Load=70/1024=7%, Rehash=0, Collisions=3/101=3%

# Pattern-specific Variable Values

# No pattern-specific variable values.

# Directories

# . (device 16777225, inode 2006130): 30 files, no impossibilities.

# 30 files, no impossibilities in 1 directories.

# Implicit Rules

# No implicit rules.

# Files

all: parsing.a
#  Command-line target.
#  Implicit rule search has been done.
#  File does not exist.
#  File has been updated.
#  Successfully updated.
# variable set hash-table stats:
# Load=0/32=0%, Rehash=0, Collisions=0/0=0%

# Not a target:
p_utils_2.o:
#  Implicit rule search has been done.
#  Last modified 2022-06-07 12:42:35
#  File has been updated.
#  Successfully updated.
# variable set hash-table stats:
# Load=0/32=0%, Rehash=0, Collisions=0/0=0%

.PHONY: clean fclean libft
#  Implicit rule search has not been done.
#  Modification time never checked.
#  File has not been updated.

# Not a target:
p_dollar.o:
#  Implicit rule search has been done.
#  Last modified 2022-06-07 12:42:34
#  File has been updated.
#  Successfully updated.
# variable set hash-table stats:
# Load=0/32=0%, Rehash=0, Collisions=0/0=0%

# Not a target:
p_quote.o:
#  Implicit rule search has been done.
#  Last modified 2022-06-07 12:42:35
#  File has been updated.
#  Successfully updated.
# variable set hash-table stats:
# Load=0/32=0%, Rehash=0, Collisions=0/0=0%

# Not a target:
p_list_assign.o:
#  Implicit rule search has been done.
#  Last modified 2022-06-07 12:42:35
#  File has been updated.
#  Successfully updated.
# variable set hash-table stats:
# Load=0/32=0%, Rehash=0, Collisions=0/0=0%

libft:
#  Phony target (prerequisite of .PHONY).
#  Implicit rule search has not been done.
#  File does not exist.
#  File has not been updated.

# Not a target:
.SUFFIXES:
#  Implicit rule search has not been done.
#  Modification time never checked.
#  File has not been updated.

# Not a target:
Makefile:
#  Implicit rule search has been done.
#  Last modified 2022-06-05 18:59:05
#  File has been updated.
#  Successfully updated.
# variable set hash-table stats:
# Load=0/32=0%, Rehash=0, Collisions=0/0=0%

# Not a target:
p_list_normal.o:
#  Implicit rule search has been done.
#  Last modified 2022-06-07 12:42:35
#  File has been updated.
#  Successfully updated.
# variable set hash-table stats:
# Load=0/32=0%, Rehash=0, Collisions=0/0=0%

# Not a target:
p_expand.o:
#  Implicit rule search has been done.
#  Last modified 2022-06-07 12:42:35
#  File has been updated.
#  Successfully updated.
# variable set hash-table stats:
# Load=0/32=0%, Rehash=0, Collisions=0/0=0%

# Not a target:
prompt.o:
#  Implicit rule search has been done.
#  Last modified 2022-06-07 12:42:35
#  File has been updated.
#  Successfully updated.
# variable set hash-table stats:
# Load=0/32=0%, Rehash=0, Collisions=0/0=0%

.c.o:
#  Implicit rule search has not been done.
#  Modification time never checked.
#  File has not been updated.
#  commands to execute (from `Makefile', line 33):
	$(CC) $(CFLAGS) -I../libft -I../ft_printf -c $^ -o $@
	

fclean: clean
#  Phony target (prerequisite of .PHONY).
#  Implicit rule search has not been done.
#  File does not exist.
#  File has not been updated.
#  commands to execute (from `Makefile', line 42):
	rm -f $(NAME)
	

# Not a target:
.DEFAULT:
#  Implicit rule search has not been done.
#  Modification time never checked.
#  File has not been updated.

re: fclean all
#  Implicit rule search has not been done.
#  Modification time never checked.
#  File has not been updated.

clean:
#  Phony target (prerequisite of .PHONY).
#  Implicit rule search has not been done.
#  File does not exist.
#  File has not been updated.
#  commands to execute (from `Makefile', line 39):
	rm -f $(OBJS)
	

# Not a target:
p_normal.o:
#  Implicit rule search has been done.
#  Last modified 2022-06-07 12:42:35
#  File has been updated.
#  Successfully updated.
# variable set hash-table stats:
# Load=0/32=0%, Rehash=0, Collisions=0/0=0%

# Not a target:
p_assign_1.o:
#  Implicit rule search has been done.
#  Last modified 2022-06-07 12:42:34
#  File has been updated.
#  Successfully updated.
# variable set hash-table stats:
# Load=0/32=0%, Rehash=0, Collisions=0/0=0%

# Not a target:
big_list.o:
#  Implicit rule search has been done.
#  Last modified 2022-06-07 12:42:35
#  File has been updated.
#  Successfully updated.
# variable set hash-table stats:
# Load=0/32=0%, Rehash=0, Collisions=0/0=0%

parsing.a: p_assign_1.o p_assign_2.o p_dollar.o p_expand.o p_list_assign.o p_list_normal.o p_normal.o p_quote.o p_utils_1.o p_utils_2.o prompt.o p_redirection.o big_list.o
#  Implicit rule search has not been done.
#  Last modified 2022-06-07 12:42:35
#  File has been updated.
#  Successfully updated.
# variable set hash-table stats:
# Load=0/32=0%, Rehash=0, Collisions=0/0=0%
#  commands to execute (from `Makefile', line 36):
	ar cr  $(NAME) $(OBJS)
	

# Not a target:
p_redirection.o:
#  Implicit rule search has been done.
#  Last modified 2022-06-07 12:42:35
#  File has been updated.
#  Successfully updated.
# variable set hash-table stats:
# Load=0/32=0%, Rehash=0, Collisions=0/0=0%

# Not a target:
p_utils_1.o:
#  Implicit rule search has been done.
#  Last modified 2022-06-07 12:42:35
#  File has been updated.
#  Successfully updated.
# variable set hash-table stats:
# Load=0/32=0%, Rehash=0, Collisions=0/0=0%

# Not a target:
p_assign_2.o:
#  Implicit rule search has been done.
#  Last modified 2022-06-07 12:42:34
#  File has been updated.
#  Successfully updated.
# variable set hash-table stats:
# Load=0/32=0%, Rehash=0, Collisions=0/0=0%

# files hash-table stats:
# Load=24/1024=2%, Rehash=0, Collisions=1/57=2%
# VPATH Search Paths

# No `vpath' search paths.

# No general (`VPATH' variable) search path.

# # of strings in strcache: 1
# # of strcache buffers: 1
# strcache size: total = 4096 / max = 4096 / min = 4096 / avg = 4096
# strcache free: total = 4087 / max = 4087 / min = 4087 / avg = 4087

# Finished Make data base on Wed Jun  8 19:18:47 2022


# Make data base, printed on Wed Jun  8 19:18:47 2022

# Variables

# automatic
<D = $(patsubst %/,%,$(dir $<))
# automatic
?F = $(notdir $?)
# makefile (from `Makefile', line 17)
SRC = minishell.c $(EXECUTE_SRC_INDIR)
# environment
VSCODE_LOG_NATIVE = false
# makefile (from `Makefile', line 34)
OBJSP = $(SRCP:.c=.o)
# automatic
?D = $(patsubst %/,%,$(dir $?))
# automatic
@D = $(patsubst %/,%,$(dir $@))
# automatic
@F = $(notdir $@)
# makefile
CURDIR := /Users/ayassin/Documents/git files/Minishell_Team
# makefile
SHELL = /bin/sh
# environment
VSCODE_NLS_CONFIG = {"locale":"en-us","availableLanguages":{},"_languagePackSupport":true}
# environment
_ = /usr/bin/make
# makefile (from `Makefile', line 38)
CFLAGS = -ggdb -Wall -Werror -Wextra 
# makefile (from `Makefile', line 28)
SRCP = parser.c
# makefile (from `Makefile', line 1)
MAKEFILE_LIST :=  Makefile
# makefile (from `Makefile', line 22)
EXECUTE_SRC_DIR = execute_src
# environment
VSCODE_VERBOSE_LOGGING = true
# makefile (from `Makefile', line 32)
OBJS = $(SRC:.c=.o)
# environment
VSCODE_IPC_HOOK_EXTHOST = /var/folders/zz/zyxvpxvq6csfxvn_n000cbym0032zn/T/vscode-ipc-e0c6fb1c-5380-4c19-8f23-22ac1ac4accb.sock
# environment
VSCODE_CWD = /
# environment
PATH = /usr/local/bin:/usr/bin:/bin:/usr/sbin:/sbin:/usr/local/munki:/Users/ayassin/Desktop/42-ValgrindContainer
# makefile (from `Makefile', line 15)
PNAME = parser
# environment
LaunchInstanceID = 4CD33830-E0CA-4F9F-841B-394EC169EE5E
# environment
VSCODE_LOG_STACK = false
# environment
ELECTRON_RUN_AS_NODE = 1
# default
.FEATURES := target-specific order-only second-expansion else-if archives jobserver check-symlink
# makefile (from `Makefile', line 19)
 
EXECUTE_SRC = pipex.c pipex_utils.c child.c redirection.c redirection2.c temp_list.c
# environment
SSH_AUTH_SOCK = /private/tmp/com.apple.launchd.AtHvHza5jG/Listeners
# makefile (from `Makefile', line 24)
EXECUTE_SRC_INDIR = $(addprefix $(EXECUTE_SRC_DIR)/,$(EXECUTE_SRC))
# automatic
%F = $(notdir $%)
# environment
VSCODE_PIPE_LOGGING = true
# environment
PWD = /Users/ayassin/Documents/git files/Minishell_Team
# environment
ORIGINAL_XDG_CURRENT_DESKTOP = undefined
# environment
VSCODE_AMD_ENTRYPOINT = vs/workbench/api/node/extensionHostProcess
# environment
HOME = /Users/ayassin
# default
MAKEFILEPATH = $(shell /usr/bin/xcode-select -print-path 2>/dev/null || echo /Developer)/Makefiles
# environment
VSCODE_CODE_CACHE_PATH = /Users/ayassin/Library/Application Support/Code/CachedData/c3511e6c69bb39013c4a4b7b9566ec1ca73fc4d5
# environment
LOGNAME = ayassin
# environment
APPLICATION_INSIGHTS_NO_DIAGNOSTIC_CHANNEL = 1
# environment
VSCODE_HANDLES_UNCAUGHT_ERRORS = true
# automatic
^D = $(patsubst %/,%,$(dir $^))
# environment
XPC_FLAGS = 0x0
# default
MAKE = $(MAKE_COMMAND)
# default
MAKECMDGOALS := all
# environment
SHLVL = 1
# makefile (from `Makefile', line 36)
CC = gcc
# default
MAKE_VERSION := 3.81
# environment
USER = ayassin
# makefile
.DEFAULT_GOAL := all
# makefile (from `Makefile', line 13)
NAME = minishell
# automatic
%D = $(patsubst %/,%,$(dir $%))
# default
MAKE_COMMAND := /Library/Developer/CommandLineTools/usr/bin/make
# default
.VARIABLES := 
# environment
TMPDIR = /var/folders/zz/zyxvpxvq6csfxvn_n000cbym0032zn/T/
# automatic
*F = $(notdir $*)
# environment
VSCODE_IPC_HOOK = /Users/ayassin/Library/Application Support/Code/1.67.2-main.sock
# makefile
MAKEFLAGS = Rrqp
# environment
MFLAGS = -Rrqp
# automatic
*D = $(patsubst %/,%,$(dir $*))
# environment
MAIL = ayassin@student.42abudhabi.ae
# environment
XPC_SERVICE_NAME = com.apple.xpc.launchd.oneshot.0x10000002.Electron
# automatic
+D = $(patsubst %/,%,$(dir $+))
# makefile (from `Makefile', line 26)
EXECUTE_OBJ_DIR = execute_objs
# automatic
+F = $(notdir $+)
# environment
__CF_USER_TEXT_ENCODING = 0x18BF5:0x0:0x0
# environment
COMMAND_MODE = unix2003
# default
MAKEFILES := 
# automatic
<F = $(notdir $<)
# environment
LC_ALL = C
# environment
SECURITYSESSIONID = 186a8
# automatic
^F = $(notdir $^)
# default
SUFFIXES := 
# default
.INCLUDE_DIRS = /usr/local/include
# environment
MAKELEVEL := 0
# makefile (from `Makefile', line 30)
SUBDIRS = libft ft_printf parsing
# environment
LANG = C
# environment
VSCODE_PID = 6316
# variable set hash-table stats:
# Load=77/1024=8%, Rehash=0, Collisions=4/119=3%

# Pattern-specific Variable Values

# No pattern-specific variable values.

# Directories

# execute_src (device 16777225, inode 2174630): 6 files, no impossibilities so far.
# . (device 16777225, inode 1847004): 31 files, no impossibilities.

# 37 files, no impossibilities in 2 directories.

# Implicit Rules

%.o: %.c
#  commands to execute (from `Makefile', line 43):
	for dir in $(SUBDIRS); do \
	$(MAKE) all -C $$dir; \
	done
	$(CC) $(CFLAGS) -Ilibft -Ift_printf -Iparsing -c $^ -o $@
	

# 1 implicit rules, 0 (0.0%) terminal.

# Files

# Not a target:
execute_src/pipex_utils.o:
#  Implicit rule search has not been done.
#  Modification time never checked.
#  File has not been updated.

all: minishell
#  Phony target (prerequisite of .PHONY).
#  Command-line target.
#  Implicit rule search has not been done.
#  File does not exist.
#  File has been updated.
#  Needs to be updated (-q is set).
# variable set hash-table stats:
# Load=0/32=0%, Rehash=0, Collisions=0/9=0%

.PHONY: clean fclean all re
#  Implicit rule search has not been done.
#  Modification time never checked.
#  File has not been updated.

# Not a target:
execute_src/redirection.o:
#  Implicit rule search has not been done.
#  Modification time never checked.
#  File has not been updated.

# Not a target:
.SUFFIXES:
#  Implicit rule search has not been done.
#  Modification time never checked.
#  File has not been updated.

# Not a target:
Makefile:
#  Implicit rule search has been done.
#  Last modified 2022-06-06 18:01:41
#  File has been updated.
#  Successfully updated.
# variable set hash-table stats:
# Load=0/32=0%, Rehash=0, Collisions=0/0=0%

# Not a target:
execute_src/child.o:
#  Implicit rule search has not been done.
#  Modification time never checked.
#  File has not been updated.

execute_src/pipex.o: execute_src/pipex.c
#  Implicit rule search has been done.
#  Implicit/static pattern stem: `execute_src/pipex'
#  Last modified 1970-01-01 03:59:56
#  File has been updated.
#  Needs to be updated (-q is set).
# automatic
# @ := execute_src/pipex.o
# automatic
# % := 
# automatic
# * := execute_src/pipex
# automatic
# + := execute_src/pipex.c
# automatic
# | := 
# automatic
# < := execute_src/pipex.c
# automatic
# ^ := execute_src/pipex.c
# automatic
# ? := execute_src/pipex.c
# variable set hash-table stats:
# Load=8/32=25%, Rehash=0, Collisions=2/19=11%
#  commands to execute (from `Makefile', line 43):
	for dir in $(SUBDIRS); do \
	$(MAKE) all -C $$dir; \
	done
	$(CC) $(CFLAGS) -Ilibft -Ift_printf -Iparsing -c $^ -o $@
	

minishell: minishell.o execute_src/pipex.o execute_src/pipex_utils.o execute_src/child.o execute_src/redirection.o execute_src/redirection2.o execute_src/temp_list.o parser.o
#  Implicit rule search has not been done.
#  Last modified 2022-06-08 14:25:12
#  File has been updated.
#  Needs to be updated (-q is set).
# variable set hash-table stats:
# Load=0/32=0%, Rehash=0, Collisions=0/9=0%
#  commands to execute (from `Makefile', line 50):
	for dir in $(SUBDIRS); do \
	$(MAKE) all -C $$dir; \
	done
	$(CC) $(CFALGS) $(SRC)  -lreadline \
	-Lft_printf -lftprintf parsing/parsing.a -Llibft -lft -o $(NAME)
	$(CC) $(CFALGS) $(SRCP)  \
	parsing/parsing.a \
	-Lft_printf -lftprintf -Llibft -lft -ltermcap -lreadline -o $(PNAME)
	

minishell.o: minishell.c
#  Implicit rule search has been done.
#  Implicit/static pattern stem: `minishell'
#  Last modified 2022-06-08 14:25:12
#  File has been updated.
#  Successfully updated.
# variable set hash-table stats:
# Load=0/32=0%, Rehash=0, Collisions=0/0=0%
#  commands to execute (from `Makefile', line 43):
	for dir in $(SUBDIRS); do \
	$(MAKE) all -C $$dir; \
	done
	$(CC) $(CFLAGS) -Ilibft -Ift_printf -Iparsing -c $^ -o $@
	

fclean: clean
#  Phony target (prerequisite of .PHONY).
#  Implicit rule search has not been done.
#  File does not exist.
#  File has not been updated.
#  commands to execute (from `Makefile', line 68):
	rm -f $(NAME)
	rm -f $(PNAME)
	for dir in $(SUBDIRS); do \
	$(MAKE) fclean -C $$dir; \
	done
	

# Not a target:
parser.o:
#  Implicit rule search has not been done.
#  Modification time never checked.
#  File has not been updated.

# Not a target:
execute_src/redirection2.o:
#  Implicit rule search has not been done.
#  Modification time never checked.
#  File has not been updated.

# Not a target:
.DEFAULT:
#  Implicit rule search has not been done.
#  Modification time never checked.
#  File has not been updated.

# Not a target:
execute_src/temp_list.o:
#  Implicit rule search has not been done.
#  Modification time never checked.
#  File has not been updated.

re: fclean all
#  Phony target (prerequisite of .PHONY).
#  Implicit rule search has not been done.
#  File does not exist.
#  File has not been updated.

clean:
#  Phony target (prerequisite of .PHONY).
#  Implicit rule search has not been done.
#  File does not exist.
#  File has not been updated.
#  commands to execute (from `Makefile', line 61):
	rm -f $(OBJS)
	rm -f $(OBJSP)
	for dir in $(SUBDIRS); do \
	$(MAKE) clean -C $$dir; \
	done
	

# Not a target:
execute_src/pipex.c:
#  Implicit rule search has been done.
#  Last modified 2022-06-08 14:39:46
#  File has been updated.
#  Successfully updated.
# variable set hash-table stats:
# Load=0/32=0%, Rehash=0, Collisions=0/0=0%

# Not a target:
minishell.c:
#  Implicit rule search has been done.
#  Last modified 2022-06-08 14:25:10
#  File has been updated.
#  Successfully updated.
# variable set hash-table stats:
# Load=0/32=0%, Rehash=0, Collisions=0/0=0%

# files hash-table stats:
 
# Load=19/1024=2%, Rehash=0, Collisions=0/54=0%
# VPATH Search Paths

# No `vpath' search paths.

# No general (`VPATH' variable) search path.

# # of strings in strcache: 1
# # of strcache buffers: 1
# strcache size: total = 4096 / max = 4096 / min = 4096 / avg = 4096
# strcache free: total = 4087 / max = 4087 / min = 4087 / avg = 4087

# Finished Make data base on Wed Jun  8 19:18:47 2022

 
